<?xml version="1.0" encoding="UTF-8"?>
<testng-results skipped="0" failed="0" ignored="0" total="1" passed="1">
  <reporter-output>
  </reporter-output>
  <suite name="Default suite" duration-ms="64053" started-at="2020-09-07T17:00:49Z" finished-at="2020-09-07T17:01:53Z">
    <groups>
      <group name="cucumber">
        <method signature="AbstractTestNGCucumberTests.feature(cucumber.api.testng.CucumberFeatureWrapper)[pri:0, instance:cucumber.Options.TestRunner@4883b407]" name="feature" class="cucumber.api.testng.AbstractTestNGCucumberTests"/>
      </group> <!-- cucumber -->
    </groups>
    <test name="Default test" duration-ms="64053" started-at="2020-09-07T17:00:49Z" finished-at="2020-09-07T17:01:53Z">
      <class name="cucumber.Options.TestRunner">
        <test-method status="PASS" signature="setUpClass()[pri:0, instance:cucumber.Options.TestRunner@4883b407]" name="setUpClass" is-config="true" duration-ms="222" started-at="2020-09-07T17:00:49Z" finished-at="2020-09-07T17:00:50Z">
          <reporter-output>
          </reporter-output>
        </test-method> <!-- setUpClass -->
        <test-method status="PASS" signature="feature(cucumber.api.testng.CucumberFeatureWrapper)[pri:0, instance:cucumber.Options.TestRunner@4883b407]" name="feature" duration-ms="63583" started-at="2020-09-07T17:00:50Z" description="Runs Cucumber Feature" data-provider="features" finished-at="2020-09-07T17:01:53Z">
          <params>
            <param index="0">
              <value>
                <![CDATA[Validation of Countdown timer]]>
              </value>
            </param>
          </params>
          <reporter-output>
          </reporter-output>
        </test-method> <!-- feature -->
        <test-method status="PASS" signature="tearDownClass()[pri:0, instance:cucumber.Options.TestRunner@4883b407]" name="tearDownClass" is-config="true" duration-ms="162" started-at="2020-09-07T17:01:53Z" finished-at="2020-09-07T17:01:53Z">
          <reporter-output>
          </reporter-output>
        </test-method> <!-- tearDownClass -->
      </class> <!-- cucumber.Options.TestRunner -->
    </test> <!-- Default test -->
  </suite> <!-- Default suite -->
</testng-results>
