<?xml version="1.0" encoding="UTF-8"?>
<testng-results skipped="0" failed="0" ignored="0" total="1" passed="1">
  <reporter-output>
  </reporter-output>
  <suite name="Suite" duration-ms="64272" started-at="2020-09-07T16:53:52Z" finished-at="2020-09-07T16:54:56Z">
    <groups>
      <group name="cucumber">
        <method signature="AbstractTestNGCucumberTests.feature(cucumber.api.testng.CucumberFeatureWrapper)[pri:0, instance:cucumber.Options.TestRunner@4909b8da]" name="feature" class="cucumber.api.testng.AbstractTestNGCucumberTests"/>
      </group> <!-- cucumber -->
    </groups>
    <test name="Test" duration-ms="64272" started-at="2020-09-07T16:53:52Z" finished-at="2020-09-07T16:54:56Z">
      <class name="cucumber.Options.TestRunner">
        <test-method status="PASS" signature="setUpClass()[pri:0, instance:cucumber.Options.TestRunner@4909b8da]" name="setUpClass" is-config="true" duration-ms="202" started-at="2020-09-07T16:53:52Z" finished-at="2020-09-07T16:53:52Z">
          <reporter-output>
          </reporter-output>
        </test-method> <!-- setUpClass -->
        <test-method status="PASS" signature="feature(cucumber.api.testng.CucumberFeatureWrapper)[pri:0, instance:cucumber.Options.TestRunner@4909b8da]" name="feature" duration-ms="63967" started-at="2020-09-07T16:53:52Z" description="Runs Cucumber Feature" data-provider="features" finished-at="2020-09-07T16:54:56Z">
          <params>
            <param index="0">
              <value>
                <![CDATA[Validation of Countdown timer]]>
              </value>
            </param>
          </params>
          <reporter-output>
          </reporter-output>
        </test-method> <!-- feature -->
        <test-method status="PASS" signature="tearDownClass()[pri:0, instance:cucumber.Options.TestRunner@4909b8da]" name="tearDownClass" is-config="true" duration-ms="18" started-at="2020-09-07T16:54:56Z" finished-at="2020-09-07T16:54:56Z">
          <reporter-output>
          </reporter-output>
        </test-method> <!-- tearDownClass -->
      </class> <!-- cucumber.Options.TestRunner -->
    </test> <!-- Test -->
  </suite> <!-- Suite -->
</testng-results>
